# JRE version: OpenJDK Runtime Environment Corretto-11.0.22.7.1 (11.0.22+7) (build 11.0.22+7-LTS)
# Java VM: OpenJDK 64-Bit Server VM Corretto-11.0.22.7.1 (11.0.22+7-LTS, mixed mode, tiered, compressed oops, g1 gc, windows-amd64)
Heap:
 garbage-first heap   total 262144K, used 193963K [0x00000000e0000000, 0x0000000100000000)
  region size 1024K, 107 young (109568K), 10 survivors (10240K)
 Metaspace       used 83115K, capacity 86085K, committed 86308K, reserved 329728K
  class space    used 10740K, capacity 11825K, committed 11952K, reserved 253952K
GC Heap History (20 events):
Event: 37.308 GC heap before
{Heap before GC invocations=24 (full 0):
 garbage-first heap   total 262144K, used 212692K [0x00000000e0000000, 0x0000000100000000)
  region size 1024K, 153 young (156672K), 12 survivors (12288K)
 Metaspace       used 51366K, capacity 52699K, committed 52860K, reserved 301056K
  class space    used 6530K, capacity 7028K, committed 7088K, reserved 253952K
}
Event: 37.316 GC heap after
{Heap after GC invocations=25 (full 0):
 garbage-first heap   total 262144K, used 69723K [0x00000000e0000000, 0x0000000100000000)
  region size 1024K, 12 young (12288K), 12 survivors (12288K)
 Metaspace       used 51366K, capacity 52699K, committed 52860K, reserved 301056K
  class space    used 6530K, capacity 7028K, committed 7088K, reserved 253952K
}
Event: 37.975 GC heap before
{Heap before GC invocations=25 (full 0):
 garbage-first heap   total 262144K, used 217179K [0x00000000e0000000, 0x0000000100000000)
  region size 1024K, 153 young (156672K), 12 survivors (12288K)
 Metaspace       used 51367K, capacity 52699K, committed 52860K, reserved 301056K
  class space    used 6530K, capacity 7028K, committed 7088K, reserved 253952K
}
Event: 37.980 GC heap after
{Heap after GC invocations=26 (full 0):
 garbage-first heap   total 262144K, used 62664K [0x00000000e0000000, 0x0000000100000000)
  region size 1024K, 8 young (8192K), 8 survivors (8192K)
 Metaspace       used 51367K, capacity 52699K, committed 52860K, reserved 301056K
  class space    used 6530K, capacity 7028K, committed 7088K, reserved 253952K
}
Event: 38.641 GC heap before
{Heap before GC invocations=26 (full 0):
 garbage-first heap   total 262144K, used 211144K [0x00000000e0000000, 0x0000000100000000)
  region size 1024K, 153 young (156672K), 8 survivors (8192K)
 Metaspace       used 51367K, capacity 52699K, committed 52860K, reserved 301056K
  class space    used 6530K, capacity 7028K, committed 7088K, reserved 253952K
}
Event: 38.646 GC heap after
{Heap after GC invocations=27 (full 0):
 garbage-first heap   total 262144K, used 63561K [0x00000000e0000000, 0x0000000100000000)
  region size 1024K, 9 young (9216K), 9 survivors (9216K)
 Metaspace       used 51367K, capacity 52699K, committed 52860K, reserved 301056K
  class space    used 6530K, capacity 7028K, committed 7088K, reserved 253952K
}
Event: 42.206 GC heap before
{Heap before GC invocations=27 (full 0):
 garbage-first heap   total 262144K, used 218185K [0x00000000e0000000, 0x0000000100000000)
  region size 1024K, 153 young (156672K), 9 survivors (9216K)
 Metaspace       used 51568K, capacity 52967K, committed 53116K, reserved 301056K
  class space    used 6555K, capacity 7073K, committed 7088K, reserved 253952K
}
Event: 42.210 GC heap after
{Heap after GC invocations=28 (full 0):
 garbage-first heap   total 262144K, used 59459K [0x00000000e0000000, 0x0000000100000000)
  region size 1024K, 4 young (4096K), 4 survivors (4096K)
 Metaspace       used 51568K, capacity 52967K, committed 53116K, reserved 301056K
  class space    used 6555K, capacity 7073K, committed 7088K, reserved 253952K
}
Event: 42.555 GC heap before
{Heap before GC invocations=28 (full 0):
 garbage-first heap   total 262144K, used 212035K [0x00000000e0000000, 0x0000000100000000)
  region size 1024K, 153 young (156672K), 4 survivors (4096K)
 Metaspace       used 51569K, capacity 52967K, committed 53116K, reserved 301056K
  class space    used 6555K, capacity 7073K, committed 7088K, reserved 253952K
}
Event: 42.558 GC heap after
{Heap after GC invocations=29 (full 0):
 garbage-first heap   total 262144K, used 62335K [0x00000000e0000000, 0x0000000100000000)
  region size 1024K, 7 young (7168K), 7 survivors (7168K)
 Metaspace       used 51569K, capacity 52967K, committed 53116K, reserved 301056K
  class space    used 6555K, capacity 7073K, committed 7088K, reserved 253952K
}
Event: 43.227 GC heap before
{Heap before GC invocations=29 (full 0):
 garbage-first heap   total 262144K, used 214911K [0x00000000e0000000, 0x0000000100000000)
  region size 1024K, 153 young (156672K), 7 survivors (7168K)
 Metaspace       used 51584K, capacity 52971K, committed 53116K, reserved 301056K
  class space    used 6555K, capacity 7073K, committed 7088K, reserved 253952K
}
Event: 43.229 GC heap after
{Heap after GC invocations=30 (full 0):
 garbage-first heap   total 262144K, used 60031K [0x00000000e0000000, 0x0000000100000000)
  region size 1024K, 5 young (5120K), 5 survivors (5120K)
 Metaspace       used 51584K, capacity 52971K, committed 53116K, reserved 301056K
  class space    used 6555K, capacity 7073K, committed 7088K, reserved 253952K
}
Event: 44.256 GC heap before
{Heap before GC invocations=30 (full 0):
 garbage-first heap   total 262144K, used 219775K [0x00000000e0000000, 0x0000000100000000)
  region size 1024K, 153 young (156672K), 5 survivors (5120K)
 Metaspace       used 54251K, capacity 55873K, committed 56060K, reserved 303104K
  class space    used 6770K, capacity 7355K, committed 7472K, reserved 253952K
}
Event: 44.261 GC heap after
{Heap after GC invocations=31 (full 0):
 garbage-first heap   total 262144K, used 64200K [0x00000000e0000000, 0x0000000100000000)
  region size 1024K, 5 young (5120K), 5 survivors (5120K)
 Metaspace       used 54251K, capacity 55873K, committed 56060K, reserved 303104K
  class space    used 6770K, capacity 7355K, committed 7472K, reserved 253952K
}
Event: 45.366 GC heap before
{Heap before GC invocations=31 (full 0):
 garbage-first heap   total 262144K, used 125640K [0x00000000e0000000, 0x0000000100000000)
  region size 1024K, 67 young (68608K), 5 survivors (5120K)
 Metaspace       used 58681K, capacity 60410K, committed 60580K, reserved 307200K
  class space    used 7522K, capacity 8150K, committed 8240K, reserved 253952K
}
Event: 45.376 GC heap after
{Heap after GC invocations=32 (full 0):
 garbage-first heap   total 262144K, used 67088K [0x00000000e0000000, 0x0000000100000000)
  region size 1024K, 8 young (8192K), 8 survivors (8192K)
 Metaspace       used 58681K, capacity 60410K, committed 60580K, reserved 307200K
  class space    used 7522K, capacity 8150K, committed 8240K, reserved 253952K
}
Event: 47.162 GC heap before
{Heap before GC invocations=33 (full 0):
 garbage-first heap   total 262144K, used 200208K [0x00000000e0000000, 0x0000000100000000)
  region size 1024K, 128 young (131072K), 8 survivors (8192K)
 Metaspace       used 66325K, capacity 68537K, committed 68772K, reserved 313344K
  class space    used 8699K, capacity 9497K, committed 9520K, reserved 253952K
}
Event: 47.178 GC heap after
{Heap after GC invocations=34 (full 0):
 garbage-first heap   total 262144K, used 86737K [0x00000000e0000000, 0x0000000100000000)
  region size 1024K, 16 young (16384K), 16 survivors (16384K)
 Metaspace       used 66325K, capacity 68537K, committed 68772K, reserved 313344K
  class space    used 8699K, capacity 9497K, committed 9520K, reserved 253952K
}
Event: 52.959 GC heap before
{Heap before GC invocations=34 (full 0):
 garbage-first heap   total 262144K, used 200401K [0x00000000e0000000, 0x0000000100000000)
  region size 1024K, 127 young (130048K), 16 survivors (16384K)
 Metaspace       used 76608K, capacity 79057K, committed 79140K, reserved 323584K
  class space    used 9968K, capacity 10860K, committed 10928K, reserved 253952K
}
Event: 52.986 GC heap after
{Heap after GC invocations=35 (full 0):
 garbage-first heap   total 262144K, used 96683K [0x00000000e0000000, 0x0000000100000000)
  region size 1024K, 10 young (10240K), 10 survivors (10240K)
 Metaspace       used 76608K, capacity 79057K, committed 79140K, reserved 323584K
  class space    used 9968K, capacity 10860K, committed 10928K, reserved 253952K
}

